# JRE version: OpenJDK Runtime Environment (8.0_242-b01) (build 1.8.0_242-release-1644-b01)
# Java VM: OpenJDK 64-Bit Server VM (25.242-b01 mixed mode windows-amd64 compressed oops)
Heap:
 PSYoungGen      total 360448K, used 219510K [0x00000000d5580000, 0x00000000ef980000, 0x0000000100000000)
  eden space 330752K, 57% used [0x00000000d5580000,0x00000000e0f22918,0x00000000e9880000)
  from space 29696K, 99% used [0x00000000ebe80000,0x00000000edb7af50,0x00000000edb80000)
  to   space 38912K, 0% used [0x00000000e9880000,0x00000000e9880000,0x00000000ebe80000)
 ParOldGen       total 321536K, used 75626K [0x0000000080000000, 0x0000000093a00000, 0x00000000d5580000)
  object space 321536K, 23% used [0x0000000080000000,0x00000000849da9d8,0x0000000093a00000)
 Metaspace       used 108249K, capacity 114560K, committed 114648K, reserved 1148928K
  class space    used 14400K, capacity 15614K, committed 15616K, reserved 1048576K
GC Heap History (10 events):
Event: 1070.880 GC heap before
{Heap before GC invocations=14 (full 3):
 PSYoungGen      total 320512K, used 320502K [0x00000000d5580000, 0x00000000eba80000, 0x0000000100000000)
  eden space 293888K, 100% used [0x00000000d5580000,0x00000000e7480000,0x00000000e7480000)
  from space 26624K, 99% used [0x00000000e9580000,0x00000000eaf7da00,0x00000000eaf80000)
  to   space 33792K, 0% used [0x00000000e7480000,0x00000000e7480000,0x00000000e9580000)
 ParOldGen       total 224256K, used 50668K [0x0000000080000000, 0x000000008db00000, 0x00000000d5580000)
  object space 224256K, 22% used [0x0000000080000000,0x000000008317b348,0x000000008db00000)
 Metaspace       used 91581K, capacity 96466K, committed 96600K, reserved 1132544K
  class space    used 12198K, capacity 13168K, committed 13184K, reserved 1048576K
Event: 1070.910 GC heap after
Heap after GC invocations=14 (full 3):
 PSYoungGen      total 300032K, used 14825K [0x00000000d5580000, 0x00000000eaa00000, 0x0000000100000000)
  eden space 285184K, 0% used [0x00000000d5580000,0x00000000d5580000,0x00000000e6c00000)
  from space 14848K, 99% used [0x00000000e7480000,0x00000000e82fa6b0,0x00000000e8300000)
  to   space 31744K, 0% used [0x00000000e8b00000,0x00000000e8b00000,0x00000000eaa00000)
 ParOldGen       total 224256K, used 76499K [0x0000000080000000, 0x000000008db00000, 0x00000000d5580000)
  object space 224256K, 34% used [0x0000000080000000,0x0000000084ab4ec8,0x000000008db00000)
 Metaspace       used 91581K, capacity 96466K, committed 96600K, reserved 1132544K
  class space    used 12198K, capacity 13168K, committed 13184K, reserved 1048576K
}
Event: 1071.340 GC heap before
{Heap before GC invocations=15 (full 3):
 PSYoungGen      total 300032K, used 46469K [0x00000000d5580000, 0x00000000eaa00000, 0x0000000100000000)
  eden space 285184K, 11% used [0x00000000d5580000,0x00000000d7466ec0,0x00000000e6c00000)
  from space 14848K, 99% used [0x00000000e7480000,0x00000000e82fa6b0,0x00000000e8300000)
  to   space 31744K, 0% used [0x00000000e8b00000,0x00000000e8b00000,0x00000000eaa00000)
 ParOldGen       total 224256K, used 76499K [0x0000000080000000, 0x000000008db00000, 0x00000000d5580000)
  object space 224256K, 34% used [0x0000000080000000,0x0000000084ab4ec8,0x000000008db00000)
 Metaspace       used 93340K, capacity 98162K, committed 98280K, reserved 1134592K
  class space    used 12430K, capacity 13392K, committed 13440K, reserved 1048576K
Event: 1071.353 GC heap after
Heap after GC invocations=15 (full 3):
 PSYoungGen      total 317440K, used 11593K [0x00000000d5580000, 0x00000000edc80000, 0x0000000100000000)
  eden space 285696K, 0% used [0x00000000d5580000,0x00000000d5580000,0x00000000e6c80000)
  from space 31744K, 36% used [0x00000000e8b00000,0x00000000e9652568,0x00000000eaa00000)
  to   space 31232K, 0% used [0x00000000e6c80000,0x00000000e6c80000,0x00000000e8b00000)
 ParOldGen       total 224256K, used 76507K [0x0000000080000000, 0x000000008db00000, 0x00000000d5580000)
  object space 224256K, 34% used [0x0000000080000000,0x0000000084ab6ec8,0x000000008db00000)
 Metaspace       used 93340K, capacity 98162K, committed 98280K, reserved 1134592K
  class space    used 12430K, capacity 13392K, committed 13440K, reserved 1048576K
}
Event: 1071.353 GC heap before
{Heap before GC invocations=16 (full 4):
 PSYoungGen      total 317440K, used 11593K [0x00000000d5580000, 0x00000000edc80000, 0x0000000100000000)
  eden space 285696K, 0% used [0x00000000d5580000,0x00000000d5580000,0x00000000e6c80000)
  from space 31744K, 36% used [0x00000000e8b00000,0x00000000e9652568,0x00000000eaa00000)
  to   space 31232K, 0% used [0x00000000e6c80000,0x00000000e6c80000,0x00000000e8b00000)
 ParOldGen       total 224256K, used 76507K [0x0000000080000000, 0x000000008db00000, 0x00000000d5580000)
  object space 224256K, 34% used [0x0000000080000000,0x0000000084ab6ec8,0x000000008db00000)
 Metaspace       used 93340K, capacity 98162K, committed 98280K, reserved 1134592K
  class space    used 12430K, capacity 13392K, committed 13440K, reserved 1048576K
Event: 1071.628 GC heap after
Heap after GC invocations=16 (full 4):
 PSYoungGen      total 317440K, used 0K [0x00000000d5580000, 0x00000000edc80000, 0x0000000100000000)
  eden space 285696K, 0% used [0x00000000d5580000,0x00000000d5580000,0x00000000e6c80000)
  from space 31744K, 0% used [0x00000000e8b00000,0x00000000e8b00000,0x00000000eaa00000)
  to   space 31232K, 0% used [0x00000000e6c80000,0x00000000e6c80000,0x00000000e8b00000)
 ParOldGen       total 321536K, used 62104K [0x0000000080000000, 0x0000000093a00000, 0x00000000d5580000)
  object space 321536K, 19% used [0x0000000080000000,0x0000000083ca62e8,0x0000000093a00000)
 Metaspace       used 92987K, capacity 97098K, committed 98280K, reserved 1134592K
  class space    used 12316K, capacity 13190K, committed 13440K, reserved 1048576K
}
Event: 1077.344 GC heap before
{Heap before GC invocations=17 (full 4):
 PSYoungGen      total 317440K, used 285561K [0x00000000d5580000, 0x00000000edc80000, 0x0000000100000000)
  eden space 285696K, 99% used [0x00000000d5580000,0x00000000e6c5e5f0,0x00000000e6c80000)
  from space 31744K, 0% used [0x00000000e8b00000,0x00000000e8b00000,0x00000000eaa00000)
  to   space 31232K, 0% used [0x00000000e6c80000,0x00000000e6c80000,0x00000000e8b00000)
 ParOldGen       total 321536K, used 62104K [0x0000000080000000, 0x0000000093a00000, 0x00000000d5580000)
  object space 321536K, 19% used [0x0000000080000000,0x0000000083ca62e8,0x0000000093a00000)
 Metaspace       used 95112K, capacity 99534K, committed 100440K, reserved 1136640K
  class space    used 12565K, capacity 13454K, committed 13696K, reserved 1048576K
Event: 1077.356 GC heap after
Heap after GC invocations=17 (full 4):
 PSYoungGen      total 316928K, used 13017K [0x00000000d5580000, 0x00000000edb80000, 0x0000000100000000)
  eden space 285696K, 0% used [0x00000000d5580000,0x00000000d5580000,0x00000000e6c80000)
  from space 31232K, 41% used [0x00000000e6c80000,0x00000000e79365e0,0x00000000e8b00000)
  to   space 29696K, 0% used [0x00000000ebe80000,0x00000000ebe80000,0x00000000edb80000)
 ParOldGen       total 321536K, used 62112K [0x0000000080000000, 0x0000000093a00000, 0x00000000d5580000)
  object space 321536K, 19% used [0x0000000080000000,0x0000000083ca82e8,0x0000000093a00000)
 Metaspace       used 95112K, capacity 99534K, committed 100440K, reserved 1136640K
  class space    used 12565K, capacity 13454K, committed 13696K, reserved 1048576K
}
Event: 1078.981 GC heap before
{Heap before GC invocations=18 (full 4):
 PSYoungGen      total 316928K, used 298713K [0x00000000d5580000, 0x00000000edb80000, 0x0000000100000000)
  eden space 285696K, 100% used [0x00000000d5580000,0x00000000e6c80000,0x00000000e6c80000)
  from space 31232K, 41% used [0x00000000e6c80000,0x00000000e79365e0,0x00000000e8b00000)
  to   space 29696K, 0% used [0x00000000ebe80000,0x00000000ebe80000,0x00000000edb80000)
 ParOldGen       total 321536K, used 62112K [0x0000000080000000, 0x0000000093a00000, 0x00000000d5580000)
  object space 321536K, 19% used [0x0000000080000000,0x0000000083ca82e8,0x0000000093a00000)
 Metaspace       used 100904K, capacity 105374K, committed 106200K, reserved 1140736K
  class space    used 13262K, capacity 14187K, committed 14336K, reserved 1048576K
Event: 1079.028 GC heap after
Heap after GC invocations=18 (full 4):
 PSYoungGen      total 360448K, used 29675K [0x00000000d5580000, 0x00000000ef980000, 0x0000000100000000)
  eden space 330752K, 0% used [0x00000000d5580000,0x00000000d5580000,0x00000000e9880000)
  from space 29696K, 99% used [0x00000000ebe80000,0x00000000edb7af50,0x00000000edb80000)
  to   space 38912K, 0% used [0x00000000e9880000,0x00000000e9880000,0x00000000ebe80000)
 ParOldGen       total 321536K, used 75626K [0x0000000080000000, 0x0000000093a00000, 0x00000000d5580000)
  object space 321536K, 23% used [0x0000000080000000,0x00000000849da9d8,0x0000000093a00000)
 Metaspace       used 100904K, capacity 105374K, committed 106200K, reserved 1140736K
  class space    used 13262K, capacity 14187K, committed 14336K, reserved 1048576K
}

